
Showing logs for build [32mcb-kubecd-bdd-gh-1590505248-pr-tpblj-1[0m stage [32mfrom-build-pack[0m and container [32mstep-credential-initializer-2fxm5[0m
{"level":"info","ts":1590507351.897689,"logger":"fallback-logger","caller":"logging/config.go:69","msg":"Fetch GitHub commit ID from kodata failed: open /var/run/ko/refs/heads/0.8.0-ns-support: no such file or directory"}
{"level":"info","ts":1590507351.8983357,"logger":"fallback-logger","caller":"creds-init/main.go:40","msg":"Credentials initialized."}

Showing logs for build [32mcb-kubecd-bdd-gh-1590505248-pr-tpblj-1[0m stage [32mfrom-build-pack[0m and container [32mstep-working-dir-initializer-gtttd[0m
{"level":"info","ts":1590507354.3861911,"logger":"fallback-logger","caller":"logging/config.go:69","msg":"Fetch GitHub commit ID from kodata failed: open /var/run/ko/HEAD: no such file or directory"}
{"level":"info","ts":1590507354.3879962,"logger":"fallback-logger","caller":"bash/main.go:64","msg":"Successfully executed command \"sh -c mkdir -p /workspace/source\"; output "}

Showing logs for build [32mcb-kubecd-bdd-gh-1590505248-pr-tpblj-1[0m stage [32mfrom-build-pack[0m and container [32mstep-place-tools[0m

Showing logs for build [32mcb-kubecd-bdd-gh-1590505248-pr-tpblj-1[0m stage [32mfrom-build-pack[0m and container [32mstep-git-source-cb-kubecd-bdd-gh-1590505248-pr-tpblj-tc4cc[0m
{"level":"info","ts":1590507460.6450684,"logger":"fallback-logger","caller":"logging/config.go:69","msg":"Fetch GitHub commit ID from kodata failed: open /var/run/ko/refs/heads/0.8.0-ns-support: no such file or directory"}
{"level":"info","ts":1590507461.6877193,"logger":"fallback-logger","caller":"git/git.go:103","msg":"Successfully cloned https://github.com/cb-kubecd/bdd-gh-1590505248.git @ master in path /workspace/source"}

Showing logs for build [32mcb-kubecd-bdd-gh-1590505248-pr-tpblj-1[0m stage [32mfrom-build-pack[0m and container [32mstep-git-merge[0m
Using SHAs from PULL_REFS=master:22c0a3e816b29c7c057a0bf661afe8c384b35ebd,1:e90ce75847328bbbdbd3e537528230a51f1eee10
DEBUG: LC_ALL=C JX_LOG_LEVEL=error git fetch origin --unshallow e90ce75847328bbbdbd3e537528230a51f1eee10: 22c0a3e816b29c7c057a0bf661afe8c384b35ebd:
DEBUG: ran git fetch --unshallow origin e90ce75847328bbbdbd3e537528230a51f1eee10: 22c0a3e816b29c7c057a0bf661afe8c384b35ebd: in 
DEBUG: LC_ALL=C JX_LOG_LEVEL=error git branch
DEBUG: LC_ALL=C JX_LOG_LEVEL=error git checkout master
DEBUG: ran git checkout master in 
DEBUG: LC_ALL=C JX_LOG_LEVEL=error git reset --hard 22c0a3e816b29c7c057a0bf661afe8c384b35ebd
DEBUG: ran git reset --hard 22c0a3e816b29c7c057a0bf661afe8c384b35ebd in 
DEBUG: JX_LOG_LEVEL=error LC_ALL=C git clean -fd .
DEBUG: ran clean --force -d . in 
DEBUG: LC_ALL=C JX_LOG_LEVEL=error git merge e90ce75847328bbbdbd3e537528230a51f1eee10
DEBUG: ran git merge e90ce75847328bbbdbd3e537528230a51f1eee10 in 
DEBUG: LC_ALL=C JX_LOG_LEVEL=error git log --format=%H%x1f%an%x1f%ae%x1f%cn%x1f%ce%x1f%s%n%b%x1e 22c0a3e816b29c7c057a0bf661afe8c384b35ebd..HEAD
Merged SHA e90ce75847328bbbdbd3e537528230a51f1eee10 with commit message 'My first PR commit' into base branch master

Showing logs for build [32mcb-kubecd-bdd-gh-1590505248-pr-tpblj-1[0m stage [32mfrom-build-pack[0m and container [32mstep-build-make-linux[0m
CGO_ENABLED=0 GOOS=linux GOARCH=amd64 GO15VENDOREXPERIMENT=1 go build -ldflags '' -o bin/bdd-gh-1590505248 main.go

Showing logs for build [32mcb-kubecd-bdd-gh-1590505248-pr-tpblj-1[0m stage [32mfrom-build-pack[0m and container [32mstep-build-container-build[0m
E0526 15:37:55.312744       9 aws_credentials.go:77] while getting AWS credentials NoCredentialProviders: no valid providers in chain. Deprecated.
	For verbose messaging see aws.Config.CredentialsChainVerboseErrors
[36mINFO[0m[0000] Using dockerignore file: /workspace/source/.dockerignore 
[36mINFO[0m[0000] No base image, nothing to extract            
[36mINFO[0m[0000] Built cross stage deps: map[]                
[36mINFO[0m[0000] No base image, nothing to extract            
[36mINFO[0m[0000] Executing 0 build triggers                   
[36mINFO[0m[0000] cmd: EXPOSE                                  
[36mINFO[0m[0000] Adding exposed port: 8080/tcp                
[36mINFO[0m[0001] Checking for cached layer gcr.io/jenkins-x-bdd3/cache:e9398cd7cdc6c3e96938f2ee32856e2d42c11bee6a07f253b8372b333e8d7687... 
[36mINFO[0m[0001] Using caching version of cmd: COPY ./bin/ /  
[36mINFO[0m[0001] Skipping unpacking as no commands require it. 
[36mINFO[0m[0001] EXPOSE 8080                                  
[36mINFO[0m[0001] cmd: EXPOSE                                  
[36mINFO[0m[0001] Adding exposed port: 8080/tcp                
[36mINFO[0m[0001] No files changed in this command, skipping snapshotting. 
[36mINFO[0m[0001] ENTRYPOINT ["/bdd-gh-1590505248"]            
[36mINFO[0m[0001] No files changed in this command, skipping snapshotting. 
[36mINFO[0m[0001] COPY ./bin/ /                                
[36mINFO[0m[0001] Found cached layer, extracting to filesystem 

Showing logs for build [32mcb-kubecd-bdd-gh-1590505248-pr-tpblj-1[0m stage [32mfrom-build-pack[0m and container [32mstep-postbuild-post-build[0m
no CVE provider running in the current ** namespace so skip adding image to be analysed

Showing logs for build [32mcb-kubecd-bdd-gh-1590505248-pr-tpblj-1[0m stage [32mfrom-build-pack[0m and container [32mstep-promote-make-preview[0m
sed -i -e "s/version:.*/version: 0.0.0-SNAPSHOT-PR-1-1/" Chart.yaml
sed -i -e "s/version:.*/version: 0.0.0-SNAPSHOT-PR-1-1/" ../*/Chart.yaml
sed -i -e "s|repository:.*|repository: gcr.io\/jenkins-x-bdd3\/bdd-gh-1590505248|" values.yaml
sed -i -e "s/tag:.*/tag: 0.0.0-SNAPSHOT-PR-1-1/" values.yaml
echo "  version: 0.0.0-SNAPSHOT-PR-1-1" >> requirements.yaml
** step helm build
WARNING: No $CHART_REPOSITORY defined so using the default value of: http://jenkins-x-chartmuseum:8080
Adding missing Helm repo: storage.googleapis.com https://storage.googleapis.com/chartmuseum.jenkins-x.io
WARNING: No secrets found on "helm/repos" due: reading the secret "helm/repos" from vault: no secret "helm/repos" not found in vault
Read credentials for https://storage.googleapis.com/chartmuseum.jenkins-x.io from vault helm/repos
Successfully added Helm repository storage.googleapis.com.
Adding missing Helm repo: jenkins-x-chartmuseum http://jenkins-x-chartmuseum:8080
WARNING: No secrets found on "helm/repos" due: reading the secret "helm/repos" from vault: no secret "helm/repos" not found in vault
Read credentials for http://jenkins-x-chartmuseum:8080 from vault helm/repos
Successfully added Helm repository jenkins-x-chartmuseum.
WARNING: No $CHART_REPOSITORY defined so using the default value of: http://jenkins-x-chartmuseum:8080
Adding missing Helm repo: chartmuseum.jenkins-x.io http://chartmuseum.jenkins-x.io
WARNING: No secrets found on "helm/repos" due: reading the secret "helm/repos" from vault: no secret "helm/repos" not found in vault
Read credentials for http://chartmuseum.jenkins-x.io from vault helm/repos
Successfully added Helm repository chartmuseum.jenkins-x.io.

Showing logs for build [32mcb-kubecd-bdd-gh-1590505248-pr-tpblj-1[0m stage [32mfrom-build-pack[0m and container [32mstep-promote-jx-preview[0m
Creating a preview
Created environment cb-kubecd-bdd-gh-1590505248-pr-1
Namespace **-cb-kubecd-bdd-gh-1590505248-pr-1 created 
expose:
  Annotations:
    helm.sh/hook: post-install,post-upgrade
    helm.sh/hook-delete-policy: hook-succeeded
  config:
    domain: c**d12.bdd.jenkins-x.rocks
    exposer: Ingress
    http: "true"
preview:
  image:
    repository: gcr.io/jenkins-x-bdd3/bdd-gh-1590505248
    tag: 0.0.0-SNAPSHOT-PR-1-1

Updating PipelineActivities cb-kubecd-bdd-gh-1590505248-pr-1-1 which has status Running
WARNING: preview application http://bdd-gh-1590505248.**-cb-kubecd-bdd-gh-1590505248-pr-1.c**d12.bdd.jenkins-x.rocks not available, error was Get http://bdd-gh-1590505248.**-cb-kubecd-bdd-gh-1590505248-pr-1.c**d12.bdd.jenkins-x.rocks: dial tcp: lookup bdd-gh-1590505248.**-cb-kubecd-bdd-gh-1590505248-pr-1.c**d12.bdd.jenkins-x.rocks on 10.3.240.10:53: no such host, delaying for: 911.540363ms
WARNING: preview application http://bdd-gh-1590505248.**-cb-kubecd-bdd-gh-1590505248-pr-1.c**d12.bdd.jenkins-x.rocks not available, error was Get http://bdd-gh-1590505248.**-cb-kubecd-bdd-gh-1590505248-pr-1.c**d12.bdd.jenkins-x.rocks: dial tcp: lookup bdd-gh-1590505248.**-cb-kubecd-bdd-gh-1590505248-pr-1.c**d12.bdd.jenkins-x.rocks on 10.3.240.10:53: no such host, delaying for: 1.718750062s
WARNING: preview application http://bdd-gh-1590505248.**-cb-kubecd-bdd-gh-1590505248-pr-1.c**d12.bdd.jenkins-x.rocks not available, error was Get http://bdd-gh-1590505248.**-cb-kubecd-bdd-gh-1590505248-pr-1.c**d12.bdd.jenkins-x.rocks: dial tcp: lookup bdd-gh-1590505248.**-cb-kubecd-bdd-gh-1590505248-pr-1.c**d12.bdd.jenkins-x.rocks on 10.3.240.10:53: no such host, delaying for: 2.576337449s
WARNING: preview application http://bdd-gh-1590505248.**-cb-kubecd-bdd-gh-1590505248-pr-1.c**d12.bdd.jenkins-x.rocks not available, error was Get http://bdd-gh-1590505248.**-cb-kubecd-bdd-gh-1590505248-pr-1.c**d12.bdd.jenkins-x.rocks: dial tcp: lookup bdd-gh-1590505248.**-cb-kubecd-bdd-gh-1590505248-pr-1.c**d12.bdd.jenkins-x.rocks on 10.3.240.10:53: no such host, delaying for: 4.987451737s
WARNING: preview application http://bdd-gh-1590505248.**-cb-kubecd-bdd-gh-1590505248-pr-1.c**d12.bdd.jenkins-x.rocks not available, error was Get http://bdd-gh-1590505248.**-cb-kubecd-bdd-gh-1590505248-pr-1.c**d12.bdd.jenkins-x.rocks: dial tcp: lookup bdd-gh-1590505248.**-cb-kubecd-bdd-gh-1590505248-pr-1.c**d12.bdd.jenkins-x.rocks on 10.3.240.10:53: no such host, delaying for: 2.879328238s
WARNING: preview application http://bdd-gh-1590505248.**-cb-kubecd-bdd-gh-1590505248-pr-1.c**d12.bdd.jenkins-x.rocks not available, error was Get http://bdd-gh-1590505248.**-cb-kubecd-bdd-gh-1590505248-pr-1.c**d12.bdd.jenkins-x.rocks: dial tcp: lookup bdd-gh-1590505248.**-cb-kubecd-bdd-gh-1590505248-pr-1.c**d12.bdd.jenkins-x.rocks on 10.3.240.10:53: no such host, delaying for: 9.916463735s
WARNING: preview application http://bdd-gh-1590505248.**-cb-kubecd-bdd-gh-1590505248-pr-1.c**d12.bdd.jenkins-x.rocks not available, error was Get http://bdd-gh-1590505248.**-cb-kubecd-bdd-gh-1590505248-pr-1.c**d12.bdd.jenkins-x.rocks: dial tcp: lookup bdd-gh-1590505248.**-cb-kubecd-bdd-gh-1590505248-pr-1.c**d12.bdd.jenkins-x.rocks on 10.3.240.10:53: no such host, delaying for: 6.18421683s
WARNING: preview application http://bdd-gh-1590505248.**-cb-kubecd-bdd-gh-1590505248-pr-1.c**d12.bdd.jenkins-x.rocks not available, error was Get http://bdd-gh-1590505248.**-cb-kubecd-bdd-gh-1590505248-pr-1.c**d12.bdd.jenkins-x.rocks: dial tcp: lookup bdd-gh-1590505248.**-cb-kubecd-bdd-gh-1590505248-pr-1.c**d12.bdd.jenkins-x.rocks on 10.3.240.10:53: no such host, delaying for: 10.254969594s
WARNING: preview application http://bdd-gh-1590505248.**-cb-kubecd-bdd-gh-1590505248-pr-1.c**d12.bdd.jenkins-x.rocks not available, error was Get http://bdd-gh-1590505248.**-cb-kubecd-bdd-gh-1590505248-pr-1.c**d12.bdd.jenkins-x.rocks: dial tcp: lookup bdd-gh-1590505248.**-cb-kubecd-bdd-gh-1590505248-pr-1.c**d12.bdd.jenkins-x.rocks on 10.3.240.10:53: no such host, delaying for: 36.178115353s
WARNING: preview application http://bdd-gh-1590505248.**-cb-kubecd-bdd-gh-1590505248-pr-1.c**d12.bdd.jenkins-x.rocks not available, error was Get http://bdd-gh-1590505248.**-cb-kubecd-bdd-gh-1590505248-pr-1.c**d12.bdd.jenkins-x.rocks: dial tcp: lookup bdd-gh-1590505248.**-cb-kubecd-bdd-gh-1590505248-pr-1.c**d12.bdd.jenkins-x.rocks on 10.3.240.10:53: no such host, delaying for: 24.376325342s
WARNING: preview application http://bdd-gh-1590505248.**-cb-kubecd-bdd-gh-1590505248-pr-1.c**d12.bdd.jenkins-x.rocks not available, error was Get http://bdd-gh-1590505248.**-cb-kubecd-bdd-gh-1590505248-pr-1.c**d12.bdd.jenkins-x.rocks: dial tcp: lookup bdd-gh-1590505248.**-cb-kubecd-bdd-gh-1590505248-pr-1.c**d12.bdd.jenkins-x.rocks on 10.3.240.10:53: no such host, delaying for: 1m21.293939425s
WARNING: preview application http://bdd-gh-1590505248.**-cb-kubecd-bdd-gh-1590505248-pr-1.c**d12.bdd.jenkins-x.rocks not available, error was Get http://bdd-gh-1590505248.**-cb-kubecd-bdd-gh-1590505248-pr-1.c**d12.bdd.jenkins-x.rocks: dial tcp: lookup bdd-gh-1590505248.**-cb-kubecd-bdd-gh-1590505248-pr-1.c**d12.bdd.jenkins-x.rocks on 10.3.240.10:53: no such host, delaying for: 57.533067234s
WARNING: preview application http://bdd-gh-1590505248.**-cb-kubecd-bdd-gh-1590505248-pr-1.c**d12.bdd.jenkins-x.rocks not available, error was Get http://bdd-gh-1590505248.**-cb-kubecd-bdd-gh-1590505248-pr-1.c**d12.bdd.jenkins-x.rocks: dial tcp: lookup bdd-gh-1590505248.**-cb-kubecd-bdd-gh-1590505248-pr-1.c**d12.bdd.jenkins-x.rocks on 10.3.240.10:53: no such host, delaying for: 54.945118184s
WARNING: preview application http://bdd-gh-1590505248.**-cb-kubecd-bdd-gh-1590505248-pr-1.c**d12.bdd.jenkins-x.rocks not available, error was Get http://bdd-gh-1590505248.**-cb-kubecd-bdd-gh-1590505248-pr-1.c**d12.bdd.jenkins-x.rocks: dial tcp: lookup bdd-gh-1590505248.**-cb-kubecd-bdd-gh-1590505248-pr-1.c**d12.bdd.jenkins-x.rocks on 10.3.240.10:53: no such host, delaying for: 40.589376808s
Preview application is now available at: http://bdd-gh-1590505248.**-cb-kubecd-bdd-gh-1590505248-pr-1.c**d12.bdd.jenkins-x.rocks
